[2016-04-06 13:49:30] START
[2016-04-06 14:21:14] EDIT Cabshare/controllers/default.py: 6
[2016-04-06 14:21:39] EDIT Cabshare/controllers/default.py: 0
[2016-04-06 14:22:05] CREATE default/mytrips.html: 0
[2016-04-06 14:24:27] EDIT Cabshare/views/default/mytrips.html: 59
[2016-04-06 14:24:54] EDIT Cabshare/controllers/default.py: 0
[2016-04-06 14:28:00] EDIT Cabshare/views/default/mytrips.html: 0
[2016-04-06 14:28:52] EDIT Cabshare/views/default/mytrips.html: 0
[2016-04-06 14:37:06] EDIT Cabshare/controllers/default.py: 4
[2016-04-06 14:37:12] EDIT Cabshare/controllers/default.py: 0
[2016-04-06 14:37:14] EDIT Cabshare/controllers/default.py: 0
[2016-04-06 14:37:36] EDIT Cabshare/views/default/mytrips.html: 0
[2016-04-06 14:39:32] EDIT Cabshare/controllers/default.py: 1
[2016-04-06 14:45:48] EDIT Cabshare/models/db.py: 0
[2016-04-06 14:50:15] EDIT Cabshare/views/default/mytrips.html: 2
[2016-04-06 14:51:05] EDIT Cabshare/views/default/mytrips.html: -2
[2016-04-06 14:52:55] EDIT Cabshare/views/default/mytrips.html: 1
[2016-04-06 14:53:12] EDIT Cabshare/views/default/mytrips.html: 1
[2016-04-06 14:54:34] EDIT Cabshare/views/default/mytrips.html: -2
[2016-04-06 14:54:45] EDIT Cabshare/views/default/join_trip.html: 0
[2016-04-06 14:55:16] EDIT Cabshare/views/default/join_trip.html: 0
[2016-04-06 14:55:30] EDIT Cabshare/views/default/join_trip.html: 1
[2016-04-06 14:56:14] CREATE default/particular.html: 0
[2016-04-06 14:59:08] EDIT Cabshare/views/default/join_trip.html: 0
[2016-04-06 14:59:27] EDIT Cabshare/views/default/mytrips.html: 0
[2016-04-06 14:59:41] EDIT Cabshare/views/default/join_trip.html: 0
[2016-04-06 14:59:57] EDIT Cabshare/views/default/mytrips.html: 0
[2016-04-06 15:00:46] EDIT Cabshare/controllers/default.py: 3
[2016-04-06 15:01:39] EDIT Cabshare/views/default/after_search.html: 0
[2016-04-06 15:02:39] EDIT Cabshare/controllers/default.py: 0
[2016-04-06 15:04:32] EDIT Cabshare/controllers/default.py: 0
[2016-04-06 15:08:19] EDIT Cabshare/controllers/default.py: 5
[2016-04-06 15:11:40] EDIT Cabshare/views/default/particular.html: 1
[2016-04-06 15:13:09] EDIT Cabshare/views/default/particular.html: 0
[2016-04-06 15:16:55] EDIT Cabshare/views/default/mytrips.html: 0
[2016-04-06 15:17:01] EDIT Cabshare/views/default/join_trip.html: 0
[2016-04-06 15:17:05] EDIT Cabshare/views/default/after_search.html: 0
[2016-04-06 15:17:50] EDIT Cabshare/controllers/default.py: 0
[2016-04-06 15:18:08] EDIT Cabshare/controllers/default.py: 1
[2016-04-06 15:21:01] EDIT Cabshare/models/db.py: 1
[2016-04-06 15:21:53] EDIT Cabshare/views/default/particular.html: 0
[2016-04-06 15:25:05] EDIT Cabshare/controllers/default.py: 2
[2016-04-06 15:25:13] EDIT Cabshare/controllers/default.py: 1
[2016-04-06 15:25:18] EDIT Cabshare/controllers/default.py: 0
[2016-04-06 15:25:19] EDIT Cabshare/controllers/default.py: 0
[2016-04-06 15:25:26] EDIT Cabshare/controllers/default.py: 0
[2016-04-06 15:25:32] EDIT Cabshare/views/default/particular.html: 0
[2016-04-06 15:25:35] EDIT Cabshare/models/db.py: 0
[2016-04-06 15:52:34] EDIT Cabshare/controllers/default.py: 0
[2016-04-06 16:02:30] EDIT Cabshare/controllers/default.py: 1
[2016-04-06 16:49:11] EDIT Cabshare/views/default/particular.html: 18
[2016-04-06 16:49:32] EDIT Cabshare/views/default/particular.html: -2
[2016-04-06 16:53:13] EDIT Cabshare/views/default/particular.html: 4
[2016-04-06 16:53:51] EDIT Cabshare/views/default/particular.html: 0
[2016-04-06 16:54:15] EDIT Cabshare/views/default/particular.html: 0
[2016-04-06 16:54:26] EDIT Cabshare/views/default/particular.html: 0
[2016-04-06 16:55:37] EDIT Cabshare/views/default/particular.html: 3
[2016-04-06 16:56:05] EDIT Cabshare/views/default/particular.html: -13
[2016-04-06 16:57:18] EDIT Cabshare/views/default/particular.html: 0
[2016-04-06 16:57:32] EDIT Cabshare/views/default/particular.html: 0
[2016-04-06 17:00:03] EDIT Cabshare/views/default/particular.html: 5
[2016-04-06 17:03:12] EDIT Cabshare/views/default/particular.html: 2
[2016-04-06 17:03:25] EDIT Cabshare/views/default/particular.html: -1
[2016-04-06 17:03:41] EDIT Cabshare/views/default/particular.html: 1
[2016-04-06 17:04:48] EDIT Cabshare/views/default/particular.html: 1
[2016-04-06 17:05:11] EDIT Cabshare/views/default/particular.html: -1
[2016-04-06 17:07:05] EDIT Cabshare/views/default/particular.html: 0
[2016-04-06 17:07:33] EDIT Cabshare/controllers/default.py: 0
[2016-04-06 17:09:08] EDIT Cabshare/controllers/default.py: 1
[2016-04-06 17:09:22] EDIT Cabshare/controllers/default.py: 0
[2016-04-06 17:09:32] EDIT Cabshare/controllers/default.py: 0
[2016-04-06 17:09:32] EDIT Cabshare/controllers/default.py: 0
[2016-04-06 17:09:32] EDIT Cabshare/controllers/default.py: 0
[2016-04-06 17:09:34] EDIT Cabshare/controllers/default.py: 0
[2016-04-06 17:09:38] EDIT Cabshare/controllers/default.py: 0
[2016-04-06 17:09:40] EDIT Cabshare/controllers/default.py: 0
[2016-04-06 17:09:43] EDIT Cabshare/controllers/default.py: 0
[2016-04-06 17:09:44] EDIT Cabshare/controllers/default.py: 0
[2016-04-06 17:09:45] EDIT Cabshare/controllers/default.py: 0
[2016-04-06 17:09:47] EDIT Cabshare/controllers/default.py: 0
[2016-04-06 17:09:49] EDIT Cabshare/controllers/default.py: 0
[2016-04-06 17:09:50] EDIT Cabshare/controllers/default.py: 0
[2016-04-06 17:09:51] EDIT Cabshare/controllers/default.py: 0
[2016-04-06 17:09:54] EDIT Cabshare/controllers/default.py: 0
[2016-04-06 17:10:16] EDIT Cabshare/controllers/default.py: 0
[2016-04-06 17:10:42] EDIT Cabshare/controllers/default.py: 0
[2016-04-06 17:11:26] EDIT Cabshare/controllers/default.py: 0
[2016-04-06 17:13:25] EDIT Cabshare/controllers/default.py: 0
[2016-04-06 17:13:43] EDIT Cabshare/controllers/default.py: 0
[2016-04-06 17:29:30] EDIT Cabshare/models/db.py: 3
[2016-04-06 17:35:57] EDIT Cabshare/controllers/default.py: 0
[2016-04-06 17:57:05] EDIT Cabshare/controllers/default.py: 0
[2016-04-06 17:57:37] EDIT Cabshare/controllers/default.py: 0
[2016-04-06 17:58:36] EDIT Cabshare/controllers/default.py: 0
[2016-04-06 18:01:32] EDIT Cabshare/controllers/default.py: 0
[2016-04-06 18:01:58] EDIT Cabshare/controllers/default.py: 0
[2016-04-06 18:02:42] EDIT Cabshare/controllers/default.py: 0
[2016-04-06 18:05:53] EDIT Cabshare/controllers/default.py: 6
[2016-04-06 18:06:18] EDIT Cabshare/controllers/default.py: 0
[2016-04-06 18:07:08] EDIT Cabshare/controllers/default.py: 1
[2016-04-06 18:07:59] EDIT Cabshare/controllers/default.py: 0
[2016-04-06 18:08:10] EDIT Cabshare/controllers/default.py: 0
[2016-04-06 18:09:27] EDIT Cabshare/controllers/default.py: 0
[2016-04-06 18:09:34] EDIT Cabshare/controllers/default.py: 0
[2016-04-08 09:22:44] EDIT Cabshare/controllers/default.py: -6
[2016-04-08 09:22:47] EDIT Cabshare/controllers/default.py: 0
[2016-04-08 09:25:06] EDIT Cabshare/controllers/default.py: 0
[2016-04-08 09:36:15] EDIT Cabshare/controllers/default.py: 0
[2016-04-08 09:37:55] EDIT Cabshare/controllers/default1.py: 1
[2016-04-08 09:55:36] EDIT Cabshare/controllers/default.py: -1
[2016-04-08 09:59:32] EDIT Cabshare/models/db.py: 6
[2016-04-08 10:00:49] EDIT Cabshare/controllers/default.py: -6
[2016-04-08 10:08:08] EDIT Cabshare/controllers/default.py: 13
[2016-04-08 10:08:50] EDIT Cabshare/controllers/default.py: 0
[2016-04-08 10:10:12] EDIT Cabshare/controllers/default.py: 0
[2016-04-08 10:11:06] EDIT Cabshare/controllers/default.py: 0
[2016-04-08 10:11:25] EDIT Cabshare/controllers/default.py: 0
[2016-04-08 10:12:25] EDIT Cabshare/controllers/default.py: 1
[2016-04-08 10:13:44] EDIT Cabshare/controllers/default.py: 2
[2016-04-08 10:26:56] EDIT Cabshare/controllers/default.py: 1
[2016-04-08 10:49:47] EDIT Cabshare/controllers/default.py: 10
[2016-04-08 10:50:09] EDIT Cabshare/controllers/default.py: 0
[2016-04-08 10:51:50] EDIT Cabshare/views/default/mytrips.html: 0
[2016-04-08 10:52:12] EDIT Cabshare/controllers/default.py: 0
[2016-04-08 10:52:39] EDIT Cabshare/controllers/default.py: 1
[2016-04-08 10:52:53] EDIT Cabshare/controllers/default.py: 0
[2016-04-08 10:54:48] EDIT Cabshare/controllers/default.py: -1
[2016-04-08 10:55:23] EDIT Cabshare/controllers/default.py: 1
[2016-04-08 10:56:34] EDIT Cabshare/views/default/mytrips.html: 0
[2016-04-08 10:58:04] EDIT Cabshare/views/default/mytrips.html: 0
[2016-04-08 10:59:36] EDIT Cabshare/views/default/mytrips.html: 0
[2016-04-08 10:59:58] EDIT Cabshare/views/default/mytrips.html: 0
[2016-04-08 11:01:45] EDIT Cabshare/views/default/mytrips.html: 0
[2016-04-08 11:02:10] EDIT Cabshare/views/default/mytrips.html: 1
[2016-04-08 11:04:10] EDIT Cabshare/controllers/default.py: 0
[2016-04-08 11:05:28] EDIT Cabshare/views/default/mytrips.html: -1
[2016-04-08 11:06:43] EDIT Cabshare/views/default/mytrips.html: -1
[2016-04-08 11:09:08] EDIT Cabshare/views/default/mytrips.html: 0
[2016-04-08 11:19:28] EDIT Cabshare/controllers/default.py: 5
[2016-04-08 11:19:48] EDIT Cabshare/controllers/default.py: 0
[2016-04-08 11:20:24] EDIT Cabshare/controllers/default.py: 0
[2016-04-08 11:21:37] CREATE default/particularasadmin.html: 0
[2016-04-08 11:30:14] EDIT Cabshare/views/default/particularasadmin.html: 23
[2016-04-08 11:32:26] EDIT Cabshare/models/db.py: 1
[2016-04-08 11:37:48] EDIT Cabshare/models/db.py: 1
[2016-04-08 11:38:59] EDIT Cabshare/controllers/default.py: 0
[2016-04-08 11:39:00] EDIT Cabshare/controllers/default.py: 0
[2016-04-08 11:42:51] EDIT Cabshare/controllers/default.py: 0
[2016-04-08 11:43:24] EDIT Cabshare/controllers/default.py: 0
[2016-04-08 11:46:54] EDIT Cabshare/controllers/default.py: 1
[2016-04-08 11:49:27] EDIT Cabshare/views/default/mytrips.html: 31
[2016-04-08 11:49:50] EDIT Cabshare/views/default/mytrips.html: 0
[2016-04-08 11:50:12] EDIT Cabshare/views/default/mytrips.html: -31
[2016-04-08 11:52:54] EDIT Cabshare/controllers/default.py: 2
[2016-04-08 12:02:47] EDIT Cabshare/controllers/default.py: 2
[2016-04-08 12:07:02] EDIT Cabshare/views/default/particular.html: 0
[2016-04-08 12:07:05] EDIT Cabshare/models/db.py: 0
[2016-04-08 12:07:45] EDIT Cabshare/views/default/mytrips.html: 31
[2016-04-08 12:09:01] EDIT Cabshare/views/default/mytrips.html: 0
[2016-04-08 12:09:37] EDIT Cabshare/views/default/mytrips.html: 0
[2016-04-08 12:09:59] EDIT Cabshare/views/default/mytrips.html: 0
[2016-04-08 12:10:27] EDIT Cabshare/views/default/mytrips.html: 0
[2016-04-08 12:15:58] EDIT Cabshare/views/default/mytrips.html: 31
[2016-04-08 12:16:40] EDIT Cabshare/views/default/mytrips.html: 1
[2016-04-08 12:18:00] EDIT Cabshare/controllers/default.py: -1
[2016-04-08 12:22:15] EDIT Cabshare/controllers/default.py: 0
[2016-04-08 12:22:32] EDIT Cabshare/controllers/default.py: 0
[2016-04-08 12:22:54] EDIT Cabshare/views/default/particularasadmin.html: 1
[2016-04-08 12:23:13] EDIT Cabshare/views/default/particularasadmin.html: 0
[2016-04-08 12:23:38] EDIT Cabshare/views/default/particularasadmin.html: 0
[2016-04-08 12:27:06] EDIT Cabshare/models/db.py: 0
[2016-04-08 12:29:54] EDIT Cabshare/views/default/particularasadmin.html: 0
[2016-04-08 12:30:27] EDIT Cabshare/views/default/particularasadmin.html: 0
[2016-04-08 12:33:48] EDIT Cabshare/views/default/particularasadmin.html: -1
[2016-04-08 12:40:08] EDIT Cabshare/controllers/default.py: 1
[2016-04-08 12:41:17] EDIT Cabshare/views/default/particularasadmin.html: 26
[2016-04-08 12:41:22] EDIT Cabshare/views/default/particularasadmin.html: -1
[2016-04-08 12:44:45] EDIT Cabshare/controllers/default.py: 0
[2016-04-08 12:46:44] EDIT Cabshare/views/default/mytrips.html: 0
[2016-04-08 12:48:41] EDIT Cabshare/views/default/mytrips.html: 0
[2016-04-08 12:49:58] EDIT Cabshare/views/default/mytrips.html: -2
[2016-04-08 12:50:14] EDIT Cabshare/views/default/mytrips.html: 2
[2016-04-08 12:53:22] EDIT Cabshare/controllers/default.py: 1
[2016-04-08 12:54:05] EDIT Cabshare/controllers/default.py: 4
[2016-04-08 12:55:42] EDIT Cabshare/views/default/particular.html: 4
[2016-04-08 12:56:05] EDIT Cabshare/controllers/default.py: 0
[2016-04-08 13:02:42] EDIT Cabshare/views/default/mytrips.html: -2
[2016-04-08 13:04:33] EDIT Cabshare/views/default/mytrips.html: 0
[2016-04-08 13:04:35] EDIT Cabshare/models/db.py: 0
[2016-04-08 13:04:37] EDIT Cabshare/views/default/particular.html: 0
[2016-04-08 13:04:40] EDIT Cabshare/views/default/particularasadmin.html: 0
[2016-04-08 13:04:42] EDIT Cabshare/controllers/default.py: 0
[2016-04-10 14:10:01] EDIT Cabshare/controllers/default.py: 3
[2016-04-10 14:10:53] EDIT Cabshare/views/default/PrevTrips.html: 0
[2016-04-10 14:11:43] EDIT Cabshare/controllers/default.py: 0
[2016-04-10 14:28:37] EDIT Cabshare/controllers/default.py: 0
[2016-04-10 14:29:06] EDIT Cabshare/controllers/default.py: 0
[2016-04-10 14:29:43] EDIT Cabshare/controllers/default.py: 0
[2016-04-10 14:30:40] EDIT Cabshare/controllers/default.py: 0
[2016-04-10 14:31:29] EDIT Cabshare/controllers/default.py: 0
[2016-04-10 14:33:09] EDIT Cabshare/controllers/default.py: 0
[2016-04-10 14:34:15] EDIT Cabshare/controllers/default.py: 0
[2016-04-10 14:34:21] EDIT Cabshare/controllers/default.py: 1
[2016-04-10 14:35:39] EDIT Cabshare/controllers/default.py: 7
[2016-04-10 14:37:41] EDIT Cabshare/controllers/default.py: -7
[2016-04-10 14:39:46] EDIT Cabshare/controllers/default.py: -1
[2016-04-10 14:57:37] EDIT Cabshare/controllers/default.py: 0
[2016-04-10 14:58:38] EDIT Cabshare/controllers/default.py: 0
[2016-04-10 15:00:59] EDIT Cabshare/controllers/default.py: 0
[2016-04-10 15:10:10] EDIT Cabshare/controllers/default.py: 4
[2016-04-10 15:14:33] EDIT Cabshare/views/default/particularasadmin.html: 1
[2016-04-10 15:15:05] EDIT Cabshare/views/default/particularasadmin.html: 0
[2016-04-10 15:15:14] EDIT Cabshare/views/default/particularasadmin.html: 0
[2016-04-10 15:15:27] EDIT Cabshare/views/default/particularasadmin.html: 0
[2016-04-10 15:18:34] EDIT Cabshare/views/default/particularasadmin.html: 0
[2016-04-10 15:19:11] EDIT Cabshare/views/default/particularasadmin.html: 1
[2016-04-10 15:19:48] EDIT Cabshare/views/default/particularasadmin.html: 0
[2016-04-10 15:20:45] EDIT Cabshare/views/default/particularasadmin.html: 2
[2016-04-10 15:22:33] CREATE default/particularwithcomm.html: 0
[2016-04-10 15:24:04] EDIT Cabshare/views/default/PendingTrips.html: 0
[2016-04-10 15:24:11] EDIT Cabshare/views/default/PendingTrips.html: 0
[2016-04-10 15:24:33] EDIT Cabshare/controllers/default.py: 0
[2016-04-10 15:25:58] EDIT Cabshare/controllers/default.py: 1
[2016-04-10 15:32:04] EDIT Cabshare/views/default/particularwithcomm.html: 4
[2016-04-10 15:33:30] EDIT Cabshare/views/default/particularwithcomm.html: 9
[2016-04-10 15:34:39] EDIT Cabshare/views/default/particularwithcomm.html: 0
[2016-04-10 15:35:03] EDIT Cabshare/views/default/particularwithcomm.html: -1
[2016-04-10 15:35:17] EDIT Cabshare/views/default/particularwithcomm.html: -7
[2016-04-10 15:35:31] EDIT Cabshare/views/default/particularwithcomm.html: 7
[2016-04-10 15:35:46] EDIT Cabshare/views/default/particularwithcomm.html: 0
[2016-04-10 15:36:14] EDIT Cabshare/views/default/particularwithcomm.html: 3
[2016-04-10 15:36:22] EDIT Cabshare/views/default/particularwithcomm.html: -1
[2016-04-10 15:37:18] EDIT Cabshare/views/default/particularwithcomm.html: 1
[2016-04-10 15:37:44] EDIT Cabshare/views/default/particularwithcomm.html: -2
[2016-04-10 15:38:15] EDIT Cabshare/views/default/particularwithcomm.html: 2
[2016-04-10 15:38:36] EDIT Cabshare/views/default/particularwithcomm.html: 0
[2016-04-10 15:38:45] EDIT Cabshare/views/default/particularwithcomm.html: -1
[2016-04-10 15:38:57] EDIT Cabshare/views/default/particularwithcomm.html: 0
[2016-04-10 15:39:03] EDIT Cabshare/views/default/particularwithcomm.html: 0
[2016-04-10 15:39:20] EDIT Cabshare/controllers/default.py: 0
[2016-04-10 15:39:34] EDIT Cabshare/views/default/particularwithcomm.html: 1
[2016-04-10 15:39:47] EDIT Cabshare/views/default/particularwithcomm.html: 0
[2016-04-10 15:43:47] EDIT Cabshare/views/default/particularwithcomm.html: 13
[2016-04-10 15:44:00] EDIT Cabshare/views/default/particularwithcomm.html: 1
[2016-04-10 15:44:25] EDIT Cabshare/views/default/particularwithcomm.html: 0
[2016-04-10 15:44:56] EDIT Cabshare/views/default/particularwithcomm.html: 1
[2016-04-10 15:46:36] EDIT Cabshare/views/default/PrevTrips.html: 0
[2016-04-10 15:47:48] EDIT Cabshare/controllers/default.py: 0
[2016-04-10 15:52:39] EDIT Cabshare/controllers/default.py: 0
[2016-04-10 15:56:45] EDIT Cabshare/controllers/default.py: -2
[2016-04-10 15:57:21] EDIT Cabshare/controllers/default.py: -1
[2016-04-10 16:37:44] EDIT Cabshare/controllers/default.py: -2
[2016-04-10 16:39:38] EDIT Cabshare/controllers/default.py: -1
[2016-04-10 16:40:32] CREATE default/form.html: 0
[2016-04-10 16:40:58] EDIT Cabshare/views/default/form.html: -1
[2016-04-10 16:41:52] EDIT Cabshare/controllers/default.py: 0
[2016-04-10 16:43:58] DELETE Cabshare/views/default/form.html: -2
[2016-04-10 16:44:33] EDIT Cabshare/views/default/join_trip.html: 5
[2016-04-10 16:46:38] EDIT Cabshare/controllers/default.py: -3
[2016-04-10 16:46:53] EDIT Cabshare/controllers/default.py: -2
[2016-04-10 16:47:34] EDIT Cabshare/views/default/join_trip.html: 1
[2016-04-10 16:50:02] EDIT Cabshare/controllers/default.py: -8
[2016-04-10 16:50:35] EDIT Cabshare/controllers/default.py: 0
[2016-04-10 16:50:56] EDIT Cabshare/controllers/default.py: 8
[2016-04-10 16:51:03] EDIT Cabshare/views/default/join_trip.html: 0
[2016-04-10 16:51:13] EDIT Cabshare/views/default/join_trip.html: 0
[2016-04-10 16:51:29] EDIT Cabshare/views/default/join_trip.html: 0
[2016-04-10 16:51:48] EDIT Cabshare/views/default/join_trip.html: 0
[2016-04-10 16:51:52] EDIT Cabshare/views/default/join_trip.html: 0
[2016-04-10 16:53:20] EDIT Cabshare/controllers/defaultv3backup.py: 0
[2016-04-10 16:53:39] EDIT Cabshare/controllers/defaultv3backup.py: 0
[2016-04-10 16:54:02] EDIT Cabshare/controllers/defaultv3backup.py: 0
[2016-04-10 16:54:24] EDIT Cabshare/controllers/defaultv3backup.py: 0
[2016-04-10 16:54:36] EDIT Cabshare/controllers/defaultv3backup.py: 0
[2016-04-10 16:54:56] EDIT Cabshare/controllers/defaultv3backup.py: 0
[2016-04-10 16:55:12] EDIT Cabshare/controllers/defaultv3backup.py: 0
[2016-04-10 16:55:32] EDIT Cabshare/controllers/defaultv3backup.py: 0
[2016-04-10 16:55:56] EDIT Cabshare/controllers/defaultv3backup.py: 0
[2016-04-10 16:56:10] EDIT Cabshare/controllers/defaultv3backup.py: 0
[2016-04-10 16:56:37] EDIT Cabshare/controllers/defaultv3backup.py: 0
[2016-04-10 16:56:45] EDIT Cabshare/controllers/defaultv3backup.py: 0
[2016-04-10 16:58:11] EDIT Cabshare/controllers/default.py: 0
[2016-04-10 16:58:23] EDIT Cabshare/controllers/default.py: 0
[2016-04-10 16:58:38] EDIT Cabshare/controllers/default.py: 0
[2016-04-10 16:59:47] EDIT Cabshare/controllers/default.py: 0
[2016-04-10 17:00:27] EDIT Cabshare/views/default/join_trip.html: 1
[2016-04-10 17:00:38] EDIT Cabshare/views/default/join_trip.html: -1
[2016-04-10 17:00:42] EDIT Cabshare/views/default/join_trip.html: 0
[2016-04-10 17:06:38] EDIT Cabshare/controllers/default.py: 0
[2016-04-10 17:09:39] EDIT Cabshare/views/default/particularasadmin.html: 15
[2016-04-10 17:09:55] EDIT Cabshare/controllers/default.py: 1
[2016-04-10 17:11:35] EDIT Cabshare/views/default/particularwithcomm.html: 0
[2016-04-10 17:14:10] EDIT Cabshare/views/default/particularwithcomm.html: 0
[2016-04-10 17:14:19] EDIT Cabshare/views/default/particularwithcomm.html: 0
[2016-04-10 17:16:06] CREATE default/form.html: 0
[2016-04-10 17:16:19] EDIT Cabshare/views/default/form.html: -1
[2016-04-10 17:16:26] EDIT Cabshare/views/default/join_trip.html: 0
[2016-04-10 17:16:43] EDIT Cabshare/views/default/join_trip.html: -9
[2016-04-10 17:17:12] EDIT Cabshare/controllers/default.py: 2
[2016-04-10 17:18:16] EDIT Cabshare/controllers/default.py: 2
[2016-04-10 17:20:48] EDIT Cabshare/controllers/default.py: 0
[2016-04-10 17:22:09] EDIT Cabshare/controllers/default.py: 2
[2016-04-10 17:22:23] EDIT Cabshare/controllers/default.py: 0
[2016-04-10 17:32:44] EDIT Cabshare/controllers/default.py: 0
[2016-04-10 17:33:02] EDIT Cabshare/models/db.py: 0
[2016-04-11 14:21:05] EDIT Cabshare/models/menu.py: 5
[2016-04-11 14:21:27] EDIT Cabshare/models/menu.py: 0
[2016-04-11 14:22:22] EDIT Cabshare/models/menu.py: 1
[2016-04-11 14:23:14] EDIT Cabshare/models/menu.py: 0
[2016-04-11 14:24:05] EDIT Cabshare/models/menu.py: -101
[2016-04-11 14:30:17] EDIT Cabshare/models/menu.py: 2
[2016-04-11 14:32:39] EDIT Cabshare/models/menu.py: 3
[2016-04-11 14:33:47] EDIT Cabshare/models/menu.py: -3
[2016-04-11 14:34:26] EDIT Cabshare/models/menu.py: 3
[2016-04-11 14:34:47] EDIT Cabshare/models/menu.py: -101
[2016-04-11 14:38:29] EDIT Cabshare/controllers/default.py: 0
[2016-04-11 14:39:29] EDIT Cabshare/controllers/default.py: 0
[2016-04-11 14:42:29] EDIT Cabshare/views/default/particular.html: 7
[2016-04-11 14:42:54] EDIT Cabshare/views/default/particular.html: 1
[2016-04-11 14:43:18] EDIT Cabshare/views/default/particular.html: -6
[2016-04-11 14:43:56] EDIT Cabshare/views/default/join_trip.html: 0
[2016-04-11 14:45:03] EDIT Cabshare/views/default/join_trip.html: 3
[2016-04-11 14:45:09] EDIT Cabshare/views/default/join_trip.html: 0
[2016-04-11 14:48:17] CREATE default/myprofile.html: 0
[2016-04-11 14:48:39] EDIT Cabshare/views/default/myprofile.html: -1
[2016-04-11 14:49:15] EDIT Cabshare/models/menu.py: 1
[2016-04-11 14:50:48] EDIT Cabshare/controllers/default.py: 3
[2016-04-11 14:51:38] EDIT Cabshare/controllers/default.py: 1
[2016-04-11 14:51:50] EDIT Cabshare/controllers/default.py: 0
[2016-04-11 14:52:51] EDIT Cabshare/controllers/default.py: 0
[2016-04-11 14:52:54] EDIT Cabshare/controllers/default.py: 0
[2016-04-11 15:10:01] EDIT Cabshare/views/default/join_trip.html: 1
[2016-04-11 15:10:24] EDIT Cabshare/views/default/join_trip.html: 0
[2016-04-11 15:10:33] EDIT Cabshare/views/default/join_trip.html: 0
[2016-04-11 15:12:16] EDIT Cabshare/views/default/join_trip.html: 0
[2016-04-11 15:12:29] EDIT Cabshare/views/default/join_trip.html: 0
[2016-04-11 15:15:00] EDIT Cabshare/views/default/join_trip.html: 6
[2016-04-11 15:15:15] EDIT Cabshare/views/default/join_trip.html: 0
[2016-04-11 15:15:22] EDIT Cabshare/views/default/join_trip.html: 0
[2016-04-11 15:15:37] EDIT Cabshare/views/default/join_trip.html: 1
[2016-04-11 15:18:59] EDIT Cabshare/controllers/default.py: 12
[2016-04-11 15:19:14] EDIT Cabshare/controllers/default.py: -2
[2016-04-11 15:19:32] EDIT Cabshare/views/default/join_trip.html: 1
[2016-04-11 15:20:29] EDIT Cabshare/views/default/join_trip.html: 1
[2016-04-11 15:21:15] EDIT Cabshare/views/default/join_trip.html: 0
[2016-04-11 15:21:29] EDIT Cabshare/views/default/join_trip.html: -1
[2016-04-11 15:23:24] EDIT Cabshare/views/default/join_trip.html: 5
[2016-04-11 15:23:41] EDIT Cabshare/views/default/join_trip.html: -3
[2016-04-11 15:23:49] EDIT Cabshare/views/default/join_trip.html: 0
[2016-04-11 15:25:50] EDIT Cabshare/views/default/join_trip.html: 5
[2016-04-11 15:26:03] EDIT Cabshare/views/default/join_trip.html: 0
[2016-04-11 15:26:11] EDIT Cabshare/views/default/join_trip.html: 0
[2016-04-11 15:26:20] EDIT Cabshare/views/default/join_trip.html: 0
[2016-04-11 15:26:30] EDIT Cabshare/views/default/join_trip.html: 0
[2016-04-11 15:26:55] EDIT Cabshare/views/default/join_trip.html: 0
[2016-04-11 17:02:42] EDIT Cabshare/controllers/default.py: 3
[2016-04-11 17:03:48] EDIT Cabshare/views/default/join_trip.html: -15
[2016-04-11 17:03:53] EDIT Cabshare/views/default/join_trip.html: 0
[2016-04-11 17:04:22] EDIT Cabshare/controllers/default.py: 1
[2016-04-11 17:04:25] EDIT Cabshare/controllers/default.py: 0
[2016-04-11 17:04:58] EDIT Cabshare/models/menu.py: -2
[2016-04-11 17:09:56] EDIT Cabshare/controllers/default.py: 15
[2016-04-11 17:10:11] EDIT Cabshare/views/default/index.html: 8
[2016-04-11 17:11:44] EDIT Cabshare/views/default/index.html: 5
[2016-04-11 17:11:58] EDIT Cabshare/views/default/index.html: 0
[2016-04-11 17:12:09] EDIT Cabshare/views/default/index.html: 0
[2016-04-11 17:12:17] EDIT Cabshare/views/default/index.html: 0
[2016-04-11 17:12:34] EDIT Cabshare/views/default/index.html: 0
[2016-04-11 17:13:10] EDIT Cabshare/views/default/index.html: -2
[2016-04-11 17:14:46] EDIT Cabshare/views/default/index.html: 2
[2016-04-11 17:15:05] EDIT Cabshare/views/default/index.html: -3
[2016-04-11 17:15:13] EDIT Cabshare/views/default/index.html: 3
[2016-04-11 17:15:44] EDIT Cabshare/views/default/index.html: 3
[2016-04-11 17:15:57] EDIT Cabshare/views/default/index.html: 0
[2016-04-11 17:16:08] EDIT Cabshare/views/default/index.html: -1
[2016-04-11 17:16:19] EDIT Cabshare/views/default/index.html: 0
[2016-04-11 17:16:28] EDIT Cabshare/views/default/index.html: 0
[2016-04-11 17:16:48] EDIT Cabshare/views/default/index.html: 0
[2016-04-11 17:17:25] EDIT Cabshare/views/default/index.html: 0
[2016-04-11 17:17:36] EDIT Cabshare/views/default/index.html: 0
[2016-04-11 17:18:46] EDIT Cabshare/views/default/index.html: -5
[2016-04-11 17:20:07] EDIT Cabshare/views/default/index.html: 0
[2016-04-11 17:20:23] EDIT Cabshare/views/default/index.html: 0
[2016-04-11 17:20:56] EDIT Cabshare/views/default/index.html: 3
[2016-04-11 17:21:52] EDIT Cabshare/views/default/index.html: 0
[2016-04-11 17:22:07] EDIT Cabshare/views/default/index.html: -1
[2016-04-11 17:23:06] EDIT Cabshare/views/default/index.html: 1
[2016-04-11 17:23:19] EDIT Cabshare/views/default/index.html: -1
[2016-04-11 17:23:28] EDIT Cabshare/views/default/index.html: 0
[2016-04-11 17:23:46] EDIT Cabshare/views/default/index.html: 0
[2016-04-11 17:24:02] EDIT Cabshare/views/default/index.html: 1
[2016-04-11 17:24:15] EDIT Cabshare/views/default/index.html: 0
[2016-04-11 17:24:54] EDIT Cabshare/views/default/index.html: 3
[2016-04-11 17:25:19] EDIT Cabshare/views/default/index.html: 0
[2016-04-11 17:25:31] EDIT Cabshare/views/default/index.html: 0
[2016-04-11 17:25:54] EDIT Cabshare/views/default/index.html: 1
[2016-04-11 17:26:03] EDIT Cabshare/views/default/index.html: 0
[2016-04-11 17:26:18] EDIT Cabshare/views/default/index.html: 0
[2016-04-11 17:26:33] EDIT Cabshare/controllers/default.py: 0
[2016-04-11 17:32:42] EDIT Cabshare/views/default/particularasadmin.html: 1
[2016-04-11 17:35:21] EDIT Cabshare/views/default/index.html: 5
[2016-04-11 17:37:00] EDIT Cabshare/views/default/index.html: 2
[2016-04-11 17:37:33] EDIT Cabshare/views/default/particularasadmin.html: 0
[2016-04-11 17:38:38] EDIT Cabshare/controllers/default.py: 10
[2016-04-13 16:10:36] EDIT Cabshare/models/db.py: 1
[2016-04-13 16:11:52] EDIT Cabshare/models/db.py: 0
[2016-04-13 16:20:57] EDIT Cabshare/controllers/default.py: 1
[2016-04-13 16:21:01] EDIT Cabshare/controllers/default.py: 0
[2016-04-13 16:24:39] EDIT Cabshare/views/default/particularasadmin.html: 5
[2016-04-13 16:25:12] EDIT Cabshare/views/default/particularasadmin.html: -1
[2016-04-13 16:25:59] EDIT Cabshare/views/default/particularasadmin.html: 0
[2016-04-13 16:29:34] EDIT Cabshare/controllers/default.py: 0
[2016-04-13 16:30:31] EDIT Cabshare/views/default/particularasadmin.html: 0
[2016-04-13 16:35:36] EDIT Cabshare/views/default/particularasadmin.html: 4
[2016-04-13 16:36:15] EDIT Cabshare/views/default/particular.html: 4
[2016-04-13 16:36:34] EDIT Cabshare/views/default/particular.html: 0
[2016-04-13 16:37:05] EDIT Cabshare/views/default/particular.html: 0
[2016-04-13 16:40:20] EDIT Cabshare/controllers/default.py: 0
[2016-04-13 16:44:19] EDIT Cabshare/controllers/default.py: 1
[2016-04-13 16:45:03] EDIT Cabshare/views/default/particularwithcomm.html: 2
[2016-04-13 16:45:12] EDIT Cabshare/views/default/particularasadmin.html: 0
[2016-04-13 16:45:13] EDIT Cabshare/controllers/default.py: 0
[2016-04-13 16:56:03] EDIT Cabshare/controllers/default.py: 0
[2016-04-13 16:56:31] EDIT Cabshare/controllers/default.py: 0
[2016-04-13 16:59:52] EDIT Cabshare/views/default/particularwithcomm.html: 6
[2016-04-13 17:00:53] EDIT Cabshare/views/default/particularwithcomm.html: 0
[2016-04-13 17:01:15] EDIT Cabshare/controllers/default.py: 0
[2016-04-13 17:01:37] EDIT Cabshare/views/default/particularwithcomm.html: 0
[2016-04-13 17:01:53] EDIT Cabshare/controllers/default.py: 0
[2016-04-13 17:02:38] EDIT Cabshare/views/default/particularwithcomm.html: 0
[2016-04-13 17:03:29] EDIT Cabshare/controllers/default.py: 0
[2016-04-13 17:04:20] EDIT Cabshare/views/default/particularwithcomm.html: 0
[2016-04-13 17:04:38] EDIT Cabshare/controllers/default.py: 0
[2016-04-13 17:05:13] EDIT Cabshare/views/default/particularwithcomm.html: 1
[2016-04-13 17:08:29] EDIT Cabshare/controllers/default.py: 1
[2016-04-13 17:09:40] EDIT Cabshare/views/default/particularwithcomm.html: 0
[2016-04-13 17:14:07] EDIT Cabshare/views/default/PendingTrips.html: 4
[2016-04-13 17:14:26] EDIT Cabshare/views/default/PendingTrips.html: 0
[2016-04-13 17:16:23] EDIT Cabshare/views/default/PendingTrips.html: 4
[2016-04-13 17:16:24] EDIT Cabshare/views/default/PendingTrips.html: 0
[2016-04-13 17:17:10] EDIT Cabshare/views/default/PendingTrips.html: 0
[2016-04-13 17:17:26] EDIT Cabshare/views/default/PrevTrips.html: 4
[2016-04-13 17:18:20] EDIT Cabshare/views/default/PrevTrips.html: 3
[2016-04-13 17:19:03] EDIT Cabshare/views/default/PrevTrips.html: 0
[2016-04-13 17:19:20] EDIT Cabshare/views/default/PrevTrips.html: 0
[2016-04-13 17:19:45] EDIT Cabshare/views/default/PendingTrips.html: 0
[2016-04-13 17:19:56] EDIT Cabshare/views/default/PendingTrips.html: 0
[2016-04-13 17:23:39] EDIT Cabshare/views/default/particular.html: 0
[2016-04-13 17:26:57] EDIT Cabshare/views/default/particular.html: 1
[2016-04-13 17:27:09] EDIT Cabshare/views/default/particular.html: 0
[2016-04-13 17:27:31] EDIT Cabshare/controllers/default.py: 1
[2016-04-13 17:27:47] EDIT Cabshare/controllers/default.py: 0
[2016-04-13 17:28:23] EDIT Cabshare/controllers/default.py: 0
[2016-04-13 17:28:41] EDIT Cabshare/views/default/particular.html: 0
[2016-04-13 17:32:00] EDIT Cabshare/controllers/default.py: 3
[2016-04-13 17:32:23] EDIT Cabshare/controllers/default.py: 0
[2016-04-13 17:33:04] EDIT Cabshare/controllers/default.py: 1
[2016-04-13 17:35:19] EDIT Cabshare/controllers/default.py: 0
[2016-04-13 17:35:34] EDIT Cabshare/controllers/default.py: 1
[2016-04-13 17:36:05] EDIT Cabshare/controllers/default.py: 0
[2016-04-13 17:36:06] EDIT Cabshare/controllers/default.py: 0
[2016-04-13 17:36:06] EDIT Cabshare/controllers/default.py: 0
[2016-04-13 17:36:06] EDIT Cabshare/controllers/default.py: 0
[2016-04-13 17:36:15] EDIT Cabshare/controllers/default.py: 0
[2016-04-13 18:08:40] EDIT Cabshare/controllers/default.py: -13
[2016-04-13 18:09:03] EDIT Cabshare/controllers/default.py: 0
[2016-04-13 18:09:28] EDIT Cabshare/controllers/default.py: -1
[2016-04-13 18:10:33] EDIT Cabshare/controllers/default.py: 2
[2016-04-13 18:11:11] EDIT Cabshare/controllers/default.py: 0
[2016-04-13 18:11:36] EDIT Cabshare/controllers/default.py: 0
[2016-04-13 18:12:14] EDIT Cabshare/controllers/default.py: 0
[2016-04-13 18:12:20] EDIT Cabshare/controllers/default.py: 0
[2016-04-13 18:15:18] EDIT Cabshare/controllers/default.py: 2
[2016-04-13 18:21:40] EDIT Cabshare/models/db.py: 1
[2016-04-13 18:24:10] EDIT Cabshare/controllers/default.py: 0
[2016-04-13 18:25:28] EDIT Cabshare/controllers/default.py: 2
[2016-04-13 18:26:36] EDIT Cabshare/controllers/default.py: 1
[2016-04-13 18:32:04] EDIT Cabshare/controllers/default.py: -2
[2016-04-13 18:32:42] EDIT Cabshare/views/default/particularasadmin.html: 2
[2016-04-13 18:35:09] EDIT Cabshare/views/default/particularasadmin.html: -1
[2016-04-13 18:35:30] EDIT Cabshare/controllers/default.py: 0
[2016-04-13 18:36:24] EDIT Cabshare/controllers/default.py: 1
[2016-04-13 18:37:51] EDIT Cabshare/views/default/particularasadmin.html: 1
[2016-04-13 18:41:07] EDIT Cabshare/views/default/particularasadmin.html: 2
[2016-04-13 18:41:23] EDIT Cabshare/views/default/particularasadmin.html: 1
[2016-04-13 18:41:51] EDIT Cabshare/views/default/particularasadmin.html: 0
[2016-04-13 18:44:41] EDIT Cabshare/models/db.py: 1
[2016-04-13 18:46:28] EDIT Cabshare/controllers/default.py: 0
[2016-04-13 19:04:57] EDIT Cabshare/controllers/default.py: -57
[2016-04-16 09:57:26] EDIT Cabshare/views/layout.html: 0
[2016-04-16 09:57:39] EDIT Cabshare/views/layout.html: 0
[2016-04-16 09:59:01] EDIT Cabshare/views/layout.html: 0
[2016-04-16 09:59:16] EDIT Cabshare/views/layout.html: 0
[2016-04-16 10:07:06] EDIT Cabshare/static/css/web2py.css: -18
[2016-04-16 10:07:17] EDIT Cabshare/static/css/web2py.css: 18
[2016-04-16 10:07:32] EDIT Cabshare/static/css/web2py.css: 0
[2016-04-16 10:17:44] EDIT Cabshare/views/default/index.html: 0
[2016-04-16 10:18:07] EDIT Cabshare/views/default/index.html: 1
[2016-04-16 10:19:48] EDIT Cabshare/views/default/index.html: 0
[2016-04-16 10:19:50] EDIT Cabshare/views/default/index.html: 0
[2016-04-16 10:20:07] EDIT Cabshare/views/default/index.html: -1
[2016-04-16 10:20:15] EDIT Cabshare/views/default/index.html: 0
[2016-04-16 10:20:32] EDIT Cabshare/views/default/index.html: 0
[2016-04-16 10:26:49] EDIT Cabshare/controllers/default.py: 0
[2016-04-16 10:27:03] EDIT Cabshare/controllers/default.py: 0
[2016-04-16 10:27:14] EDIT Cabshare/controllers/default.py: 0
[2016-04-16 10:27:34] EDIT Cabshare/controllers/default.py: 0
[2016-04-16 10:27:52] EDIT Cabshare/controllers/default.py: 0
[2016-04-16 10:29:39] EDIT Cabshare/controllers/default.py: 3
[2016-04-16 10:30:35] EDIT Cabshare/controllers/default.py: -3
[2016-04-16 10:30:52] EDIT Cabshare/controllers/default.py: 0
[2016-04-16 10:31:18] EDIT Cabshare/controllers/default.py: 1
[2016-04-16 10:32:07] EDIT Cabshare/views/default/PendingTrips.html: 0
[2016-04-16 10:32:42] EDIT Cabshare/views/default/PrevTrips.html: 0
[2016-04-16 10:33:25] EDIT Cabshare/views/default/after_search.html: 0
[2016-04-16 10:33:39] EDIT Cabshare/views/default/particular.html: 0
[2016-04-16 10:34:40] EDIT Cabshare/views/default/particularwithcomm.html: 0
[2016-04-16 10:36:08] EDIT Cabshare/views/default/particularwithcomm.html: -1
[2016-04-16 10:37:18] EDIT Cabshare/views/default/particularwithcomm.html: 3
[2016-04-16 10:37:39] EDIT Cabshare/views/default/particularwithcomm.html: 0
[2016-04-16 10:38:02] EDIT Cabshare/views/default/particularwithcomm.html: 1
[2016-04-16 10:38:09] EDIT Cabshare/views/default/particularwithcomm.html: 0
[2016-04-16 10:39:38] EDIT Cabshare/views/default/index.html: 0
[2016-04-16 10:39:56] EDIT Cabshare/views/default/index.html: 0
[2016-04-16 10:43:54] EDIT Cabshare/views/default/index.html: 0
[2016-04-16 10:44:12] EDIT Cabshare/views/default/index.html: 0
[2016-04-16 10:47:11] EDIT Cabshare/views/default/index.html: 2
[2016-04-16 10:48:43] EDIT Cabshare/views/default/index.html: 2
[2016-04-16 10:49:08] EDIT Cabshare/views/default/index.html: 0
[2016-04-16 10:50:11] EDIT Cabshare/views/default/index.html: -2
[2016-04-16 10:50:46] EDIT Cabshare/views/default/index.html: 2
[2016-04-16 10:51:17] EDIT Cabshare/views/default/index.html: -2
[2016-04-16 10:51:40] EDIT Cabshare/views/default/index.html: -2
[2016-04-16 10:53:26] EDIT Cabshare/views/default/index.html: 0
[2016-04-16 10:54:40] EDIT Cabshare/views/default/index.html: 3
[2016-04-16 10:55:05] EDIT Cabshare/views/default/index.html: -3
[2016-04-16 10:55:37] EDIT Cabshare/views/default/index.html: 0
[2016-04-16 10:59:01] EDIT Cabshare/views/default/index.html: 0
[2016-04-16 10:59:15] EDIT Cabshare/views/default/index.html: 0
[2016-04-16 10:59:31] EDIT Cabshare/views/default/index.html: 0
[2016-04-16 11:00:42] EDIT Cabshare/views/default/index.html: 0
[2016-04-16 11:01:24] EDIT Cabshare/views/default/index.html: -1
[2016-04-16 11:02:53] EDIT Cabshare/views/default/index.html: 0
[2016-04-16 11:03:15] EDIT Cabshare/views/default/index.html: 0
[2016-04-16 11:04:04] EDIT Cabshare/views/default/index.html: 0
[2016-04-16 11:04:33] EDIT Cabshare/views/default/index.html: 0
[2016-04-16 11:05:09] EDIT Cabshare/views/default/index.html: 0
[2016-04-16 11:06:06] EDIT Cabshare/views/default/index.html: 0
[2016-04-16 11:08:11] EDIT Cabshare/views/default/index.html: 0
[2016-04-16 11:08:24] EDIT Cabshare/views/default/index.html: 0
[2016-04-16 11:08:41] EDIT Cabshare/views/default/index.html: 0
[2016-04-16 11:10:42] EDIT Cabshare/views/default/particular.html: 5
[2016-04-16 11:11:34] EDIT Cabshare/views/default/particular.html: 1
[2016-04-16 11:15:25] EDIT Cabshare/views/default/particular.html: 6
[2016-04-16 11:15:40] EDIT Cabshare/views/default/particular.html: 0
[2016-04-16 11:15:51] EDIT Cabshare/views/default/particular.html: 1
[2016-04-16 11:16:50] EDIT Cabshare/views/default/particular.html: 0
[2016-04-16 11:20:26] EDIT Cabshare/views/default/profile_view.html: 0
[2016-04-16 11:20:40] EDIT Cabshare/views/default/profile_view.html: 0
[2016-04-16 11:21:01] EDIT Cabshare/views/default/profile_view.html: 0
[2016-04-16 11:21:11] EDIT Cabshare/views/default/profile_view.html: 0
[2016-04-16 11:22:38] DELETE Cabshare/views/default/myprofile.html: -2
[2016-04-16 11:23:32] EDIT Cabshare/controllers/default.py: -1
[2016-04-16 11:23:45] EDIT Cabshare/controllers/default.py: 0
[2016-04-16 11:29:34] CREATE default/ntf.html: 0
[2016-04-16 11:29:51] EDIT Cabshare/views/default/ntf.html: 19
[2016-04-16 11:30:33] EDIT Cabshare/views/default/ntf.html: 0
[2016-04-16 11:30:53] EDIT Cabshare/views/default/ntf.html: 0
[2016-04-16 11:31:18] EDIT Cabshare/views/default/ntf.html: 1
[2016-04-16 11:31:28] EDIT Cabshare/views/default/ntf.html: 0
[2016-04-16 11:32:38] EDIT Cabshare/views/default/ntf.html: 6
[2016-04-16 11:35:12] EDIT Cabshare/views/default/ntf.html: 0
[2016-04-16 11:36:46] EDIT Cabshare/views/default/ntf.html: 0
[2016-04-16 11:36:57] EDIT Cabshare/views/default/ntf.html: 0
[2016-04-16 11:49:58] EDIT Cabshare/views/default/ntf.html: 0
[2016-04-16 11:50:09] EDIT Cabshare/views/default/ntf.html: 0
[2016-04-16 11:51:25] EDIT Cabshare/views/default/index.html: 0
[2016-04-16 11:52:46] EDIT Cabshare/views/default/index.html: -1
[2016-04-16 11:52:50] EDIT Cabshare/views/default/index.html: 1
[2016-04-16 11:53:13] EDIT Cabshare/views/default/index.html: 0
[2016-04-16 11:53:19] EDIT Cabshare/views/default/index.html: 0
[2016-04-16 11:53:48] EDIT Cabshare/views/default/index.html: 1
[2016-04-16 11:54:52] EDIT Cabshare/views/default/index.html: 2
[2016-04-16 11:55:21] EDIT Cabshare/views/default/index.html: 0
[2016-04-16 11:55:21] EDIT Cabshare/views/default/index.html: 0
[2016-04-16 11:55:52] EDIT Cabshare/views/default/index.html: -3
[2016-04-16 11:56:54] EDIT Cabshare/views/default/index.html: 3
[2016-04-16 11:58:01] EDIT Cabshare/views/default/index.html: 0
[2016-04-16 11:58:12] EDIT Cabshare/views/default/index.html: 0
[2016-04-16 11:58:21] EDIT Cabshare/views/default/index.html: 0
[2016-04-16 12:01:01] EDIT Cabshare/views/default/PendingTrips.html: 4
[2016-04-16 12:01:34] EDIT Cabshare/views/default/PrevTrips.html: 4
[2016-04-16 12:02:18] EDIT Cabshare/views/default/PendingTrips.html: 4
[2016-04-16 12:02:48] EDIT Cabshare/views/default/PrevTrips.html: 4
[2016-04-16 12:03:13] EDIT Cabshare/views/default/after_search.html: 4
[2016-04-16 12:04:09] EDIT Cabshare/views/default/particularasadmin.html: 4
[2016-04-16 12:04:51] EDIT Cabshare/views/default/particularwithcomm.html: 5
[2016-04-16 12:13:42] EDIT Cabshare/views/layout.html: 0
[2016-04-16 12:14:00] EDIT Cabshare/views/layout.html: 0
[2016-04-16 12:15:05] EDIT Cabshare/views/layout.html: 0
[2016-04-16 12:16:52] EDIT Cabshare/views/layout.html: 0
[2016-04-16 12:17:14] EDIT Cabshare/views/layout.html: 0
[2016-04-16 12:17:25] EDIT Cabshare/views/layout.html: 0
[2016-04-16 12:17:48] EDIT Cabshare/views/layout.html: 0
[2016-04-16 12:18:30] EDIT Cabshare/views/default/index.html: -1
[2016-04-16 12:18:39] EDIT Cabshare/views/default/index.html: 1
[2016-04-16 12:22:51] EDIT Cabshare/views/default/index.html: 3
[2016-04-16 12:23:15] EDIT Cabshare/views/default/index.html: -3
[2016-04-16 12:23:37] EDIT Cabshare/views/layout.html: 5
[2016-04-16 12:23:53] EDIT Cabshare/views/layout.html: 0
[2016-04-16 12:24:01] EDIT Cabshare/views/layout.html: 0
[2016-04-16 12:25:05] EDIT Cabshare/views/layout.html: 4
[2016-04-16 12:25:52] EDIT Cabshare/views/layout.html: 0
[2016-04-16 12:26:29] EDIT Cabshare/views/layout.html: 0
[2016-04-16 12:32:23] EDIT Cabshare/views/layout.html: 1
[2016-04-16 12:33:52] EDIT Cabshare/views/layout.html: 0
[2016-04-16 12:34:06] EDIT Cabshare/views/layout.html: 0
[2016-04-16 12:34:54] EDIT Cabshare/views/default/index.html: 3
[2016-04-16 12:35:45] EDIT Cabshare/views/default/index.html: 0
[2016-04-16 12:36:31] EDIT Cabshare/views/default/index.html: 0
[2016-04-16 12:36:58] EDIT Cabshare/views/default/index.html: 0
[2016-04-16 12:38:12] EDIT Cabshare/views/layout.html: 6
[2016-04-16 12:38:40] EDIT Cabshare/views/default/index.html: 1
[2016-04-16 12:39:05] EDIT Cabshare/views/default/index.html: 0
[2016-04-16 12:39:31] EDIT Cabshare/views/layout.html: -1
[2016-04-16 12:39:42] EDIT Cabshare/views/layout.html: 1
[2016-04-16 12:39:59] EDIT Cabshare/views/layout.html: -1
[2016-04-16 12:40:11] EDIT Cabshare/views/layout.html: -1
[2016-04-16 12:40:18] EDIT Cabshare/views/layout.html: 0
[2016-04-16 12:40:41] EDIT Cabshare/views/layout.html: 0
[2016-04-16 12:41:27] EDIT Cabshare/views/layout.html: 0
[2016-04-16 12:42:03] EDIT Cabshare/views/layout.html: 0
[2016-04-16 12:42:10] EDIT Cabshare/views/layout.html: 0
[2016-04-16 12:42:16] EDIT Cabshare/views/layout.html: 0
[2016-04-16 12:44:05] EDIT Cabshare/views/default/index.html: 0
[2016-04-16 12:45:04] EDIT Cabshare/views/default/index.html: 0
[2016-04-16 12:45:39] EDIT Cabshare/views/default/index.html: 1
[2016-04-16 12:45:49] EDIT Cabshare/views/default/index.html: 0
[2016-04-16 12:46:05] EDIT Cabshare/views/default/index.html: 0
[2016-04-16 12:47:47] EDIT Cabshare/views/default/ntf.html: 9
[2016-04-16 12:48:19] EDIT Cabshare/views/default/PendingTrips.html: 9
[2016-04-16 12:48:35] EDIT Cabshare/views/default/PrevTrips.html: 9
[2016-04-16 12:48:52] EDIT Cabshare/views/default/after_search.html: 9
[2016-04-16 12:49:27] EDIT Cabshare/views/default/particular.html: 0
[2016-04-16 12:50:11] EDIT Cabshare/views/default/particular.html: -4
[2016-04-16 12:50:30] EDIT Cabshare/views/default/particular.html: 1
[2016-04-16 12:50:43] EDIT Cabshare/views/default/particular.html: 0
[2016-04-16 12:51:38] EDIT Cabshare/views/default/particularasadmin.html: 9
[2016-04-16 12:52:05] EDIT Cabshare/views/default/particularwithcomm.html: 2
[2016-04-16 12:52:19] EDIT Cabshare/views/default/particularwithcomm.html: 5
[2016-04-16 12:52:47] EDIT Cabshare/views/default/PrevTrips.html: 0
[2016-04-16 12:53:12] EDIT Cabshare/views/default/PrevTrips.html: 0
[2016-04-16 12:55:11] EDIT Cabshare/views/default/particularwithcomm.html: 1
[2016-04-16 12:55:22] EDIT Cabshare/views/default/particularwithcomm.html: -1
[2016-04-16 12:55:29] EDIT Cabshare/views/default/particularwithcomm.html: 0
[2016-04-16 12:58:01] EDIT Cabshare/views/default/user.html: 9
[2016-04-16 12:59:52] EDIT Cabshare/views/default/user.html: 0
[2016-04-16 12:59:57] EDIT Cabshare/views/default/user.html: 0
[2016-04-16 13:00:03] EDIT Cabshare/views/default/user.html: 0
[2016-04-16 13:00:17] EDIT Cabshare/views/default/PendingTrips.html: 0
[2016-04-16 13:00:26] EDIT Cabshare/views/default/PrevTrips.html: 0
[2016-04-16 13:00:34] EDIT Cabshare/views/default/after_search.html: 0
[2016-04-16 13:00:42] EDIT Cabshare/views/default/index.html: 0
[2016-04-16 13:00:48] EDIT Cabshare/views/default/ntf.html: 0
[2016-04-16 13:00:54] EDIT Cabshare/views/default/particular.html: 0
[2016-04-16 13:01:02] EDIT Cabshare/views/default/particularasadmin.html: 0
[2016-04-16 13:01:09] EDIT Cabshare/views/default/particularwithcomm.html: 0
[2016-04-16 13:03:42] EDIT Cabshare/views/default/index.html: 0
[2016-04-16 13:03:51] EDIT Cabshare/views/default/index.html: 0
[2016-04-16 13:04:11] EDIT Cabshare/views/default/index.html: 0
[2016-04-16 13:04:23] EDIT Cabshare/views/default/index.html: 0
[2016-04-16 13:04:30] EDIT Cabshare/views/default/index.html: 0
[2016-04-16 13:04:45] EDIT Cabshare/views/default/index.html: 0
[2016-04-16 13:04:56] EDIT Cabshare/views/default/index.html: 0
[2016-04-16 13:05:04] EDIT Cabshare/views/default/index.html: 0
[2016-04-16 13:05:17] EDIT Cabshare/views/default/index.html: 0
[2016-04-16 13:05:38] EDIT Cabshare/views/default/index.html: 0
[2016-04-16 13:05:47] EDIT Cabshare/views/default/index.html: 0
[2016-04-16 13:13:00] EDIT Cabshare/controllers/default.py: 2
[2016-04-16 13:13:23] EDIT Cabshare/controllers/default.py: 0
[2016-04-16 13:13:45] EDIT Cabshare/controllers/default.py: 0
[2016-04-16 13:29:16] EDIT Cabshare/controllers/default.py: 6
[2016-04-20 15:38:06] EDIT Cabshare/views/default/index.html: 0
[2016-04-20 16:15:23] EDIT Cabshare/views/default/index.html: 3
[2016-04-20 16:15:46] EDIT Cabshare/views/default/index.html: 0
[2016-04-20 16:15:55] EDIT Cabshare/views/default/index.html: 0
[2016-04-20 16:16:25] EDIT Cabshare/views/default/index.html: 0
[2016-04-20 16:16:39] EDIT Cabshare/views/default/index.html: 0
[2016-04-20 16:16:51] EDIT Cabshare/views/default/index.html: 0
[2016-04-20 16:19:17] EDIT Cabshare/views/default/index.html: 2
[2016-04-20 16:21:01] EDIT Cabshare/views/default/index.html: 1
[2016-04-20 16:22:57] EDIT Cabshare/views/default/index.html: 1
[2016-04-20 16:23:20] EDIT Cabshare/views/default/index.html: -1
[2016-04-20 16:24:44] EDIT Cabshare/views/default/index.html: 1
[2016-04-20 16:24:45] EDIT Cabshare/views/default/index.html: 0
[2016-04-20 16:25:01] EDIT Cabshare/views/default/index.html: 0
[2016-04-20 16:25:16] EDIT Cabshare/views/default/index.html: 0
[2016-04-20 16:25:35] EDIT Cabshare/views/default/index.html: 0
[2016-04-20 16:25:45] EDIT Cabshare/views/default/index.html: 0
[2016-04-20 16:25:57] EDIT Cabshare/views/default/index.html: 0
[2016-04-20 16:26:17] EDIT Cabshare/views/default/index.html: 0
[2016-04-20 16:26:31] EDIT Cabshare/views/default/index.html: 0
[2016-04-20 16:26:54] EDIT Cabshare/views/default/index.html: 0
[2016-04-20 16:27:02] EDIT Cabshare/views/default/index.html: -1
[2016-04-20 16:34:08] EDIT Cabshare/views/default/index.html: 1
[2016-04-20 16:34:34] EDIT Cabshare/views/default/index.html: 0
[2016-04-20 16:34:41] EDIT Cabshare/views/default/index.html: 0
[2016-04-20 16:34:48] EDIT Cabshare/views/default/index.html: 0
[2016-04-20 16:34:59] EDIT Cabshare/views/default/index.html: 0
[2016-04-20 16:35:48] EDIT Cabshare/views/default/index.html: 0
[2016-04-20 16:35:55] EDIT Cabshare/views/default/index.html: 0
[2016-04-20 16:36:05] EDIT Cabshare/views/default/index.html: 0
[2016-04-20 16:36:18] EDIT Cabshare/views/default/index.html: 0
[2016-04-20 16:38:10] EDIT Cabshare/views/default/index.html: 1
[2016-04-20 16:41:34] EDIT Cabshare/views/default/index.html: 0
[2016-04-20 16:43:16] EDIT Cabshare/views/default/index.html: 0
[2016-04-20 16:43:33] EDIT Cabshare/views/default/index.html: 0
[2016-04-20 16:43:43] EDIT Cabshare/views/default/index.html: 0
[2016-04-20 16:44:01] EDIT Cabshare/views/default/index.html: 0
[2016-04-28 12:42:12] EDIT Cabshare/models/db.py: 2
[2016-04-28 12:51:58] EDIT Cabshare/models/db.py: -1
[2016-04-28 12:52:29] EDIT Cabshare/views/default/index.html: -8
[2016-04-28 12:52:53] EDIT Cabshare/models/db.py: 0
[2016-04-28 12:59:53] EDIT Cabshare/models/db.py: 1
[2016-04-28 13:00:01] EDIT Cabshare/models/db.py: 0
[2016-04-28 13:00:31] EDIT Cabshare/models/db.py: 1
[2016-04-28 18:48:47] EDIT Cabshare/views/layout.html: 0
[2016-04-28 18:50:48] EDIT Cabshare/views/layout.html: 0
[2016-04-28 18:51:49] EDIT Cabshare/views/layout.html: 0
[2016-04-28 18:52:06] EDIT Cabshare/views/layout.html: 0
[2016-04-28 18:53:46] EDIT Cabshare/views/layout.html: 0
[2016-04-29 09:58:57] EDIT Cabshare/controllers/default.py: 2
[2016-04-29 10:19:14] EDIT Cabshare/views/default/particularasadmin.html: 4
[2016-04-29 10:23:13] EDIT Cabshare/views/default/PendingTrips.html: 1
[2016-04-29 10:24:06] EDIT Cabshare/views/default/PendingTrips.html: -1
[2016-04-29 10:26:23] EDIT Cabshare/views/layout.html: 1
[2016-04-29 10:26:56] EDIT Cabshare/views/layout.html: -1
[2016-04-29 10:27:51] EDIT Cabshare/views/default/PendingTrips.html: 1
[2016-04-29 10:30:13] EDIT Cabshare/views/default/PendingTrips.html: 0
[2016-04-29 10:31:07] EDIT Cabshare/views/default/fill_feedback.html: 0
[2016-04-29 10:43:14] EDIT Cabshare/views/default/PendingTrips.html: 3
[2016-04-29 10:46:17] EDIT Cabshare/views/default/PendingTrips.html: 0
[2016-04-29 10:47:05] EDIT Cabshare/views/default/PendingTrips.html: 0
[2016-04-29 10:47:20] EDIT Cabshare/views/default/PendingTrips.html: 0
[2016-04-29 10:48:28] EDIT Cabshare/views/default/PendingTrips.html: 3
[2016-04-29 10:48:51] EDIT Cabshare/views/default/PrevTrips.html: 6
[2016-04-29 10:52:19] EDIT Cabshare/static/css/web2py.css: 1
[2016-04-29 10:52:46] EDIT Cabshare/static/css/web2py.css: -1
[2016-04-29 10:53:31] EDIT Cabshare/views/layout.html: 3
[2016-04-29 10:54:55] EDIT Cabshare/views/layout.html: 1
[2016-04-29 10:55:33] EDIT Cabshare/views/layout.html: 1
[2016-04-29 10:57:17] EDIT Cabshare/views/layout.html: 0
[2016-04-29 14:52:17] EDIT Cabshare/views/default/index.html: 0
[2016-04-29 14:53:36] EDIT Cabshare/views/default/index.html: 0
[2016-04-29 14:54:31] EDIT Cabshare/views/default/index.html: 0
[2016-04-29 14:54:45] EDIT Cabshare/views/default/index.html: 0
[2016-04-29 14:54:59] EDIT Cabshare/views/default/index.html: 0
[2016-04-29 14:55:17] EDIT Cabshare/views/default/index.html: 0
[2016-04-29 14:55:46] EDIT Cabshare/views/default/index.html: 0
[2016-04-29 14:59:33] EDIT Cabshare/views/default/index.html: 0
[2016-04-29 18:37:48] EDIT Cabshare/controllers/default.py: 1
[2016-04-29 18:45:51] EDIT Cabshare/controllers/default.py: 1
